  AppleItem.cpp
D:\My Code\AladdinGenesis\GameObject.h(2,9): fatal error C1083: Cannot open include file: 'd3dx9.h': No such file or directory
  Arrow.cpp
D:\My Code\AladdinGenesis\GameObject.h(2,9): fatal error C1083: Cannot open include file: 'd3dx9.h': No such file or directory
  Bob.cpp
D:\My Code\AladdinGenesis\GameObject.h(2,9): fatal error C1083: Cannot open include file: 'd3dx9.h': No such file or directory
  define.cpp
  Brick.cpp
D:\My Code\AladdinGenesis\GameObject.h(2,9): fatal error C1083: Cannot open include file: 'd3dx9.h': No such file or directory
  Camera.cpp
D:\My Code\AladdinGenesis\Camera.h(2,10): fatal error C1083: Cannot open include file: 'd3dx9.h': No such file or directory
  CGame.cpp
D:\My Code\AladdinGenesis\CGame.h(3,9): fatal error C1083: Cannot open include file: 'd3dx9.h': No such file or directory
  debug.cpp
  Game.cpp
D:\My Code\AladdinGenesis\CGame.h(3,9): fatal error C1083: Cannot open include file: 'd3dx9.h': No such file or directory
  GameMap.cpp
D:\My Code\AladdinGenesis\GameMap.h(3,10): fatal error C1083: Cannot open include file: 'd3dx9.h': No such file or directory
  GameObject.cpp
D:\My Code\AladdinGenesis\GameObject.h(2,9): fatal error C1083: Cannot open include file: 'd3dx9.h': No such file or directory
  Genie.cpp
D:\My Code\AladdinGenesis\GameObject.h(2,9): fatal error C1083: Cannot open include file: 'd3dx9.h': No such file or directory
  Grid.cpp
D:\My Code\AladdinGenesis\GameObject.h(2,9): fatal error C1083: Cannot open include file: 'd3dx9.h': No such file or directory
  Heart.cpp
D:\My Code\AladdinGenesis\GameObject.h(2,9): fatal error C1083: Cannot open include file: 'd3dx9.h': No such file or directory
  Items.cpp
D:\My Code\AladdinGenesis\Gameobject.h(2,9): fatal error C1083: Cannot open include file: 'd3dx9.h': No such file or directory
  Keyboard.cpp
D:\My Code\AladdinGenesis\CGame.h(3,9): fatal error C1083: Cannot open include file: 'd3dx9.h': No such file or directory
  main.cpp
D:\My Code\AladdinGenesis\main.cpp(3,9): fatal error C1083: Cannot open include file: 'd3dx9.h': No such file or directory
  Aladin.cpp
D:\My Code\AladdinGenesis\GameObject.h(2,9): fatal error C1083: Cannot open include file: 'd3dx9.h': No such file or directory
  MapObject.cpp
D:\My Code\AladdinGenesis\MapObject.h(3,10): fatal error C1083: Cannot open include file: 'd3dx9.h': No such file or directory
  MovingBrick.cpp
D:\My Code\AladdinGenesis\GameObject.h(2,9): fatal error C1083: Cannot open include file: 'd3dx9.h': No such file or directory
  Generating Code...
  Compiling...
  RedJewel.cpp
D:\My Code\AladdinGenesis\GameObject.h(2,9): fatal error C1083: Cannot open include file: 'd3dx9.h': No such file or directory
  RestartPoint.cpp
D:\My Code\AladdinGenesis\GameObject.h(2,9): fatal error C1083: Cannot open include file: 'd3dx9.h': No such file or directory
  Scene.cpp
D:\My Code\AladdinGenesis\CGame.h(3,9): fatal error C1083: Cannot open include file: 'd3dx9.h': No such file or directory
  SceneGame.cpp
D:\My Code\AladdinGenesis\CGame.h(3,9): fatal error C1083: Cannot open include file: 'd3dx9.h': No such file or directory
  SceneManager.cpp
D:\My Code\AladdinGenesis\CGame.h(3,9): fatal error C1083: Cannot open include file: 'd3dx9.h': No such file or directory
  Sprite.cpp
D:\My Code\AladdinGenesis\Sprite.h(3,9): fatal error C1083: Cannot open include file: 'd3dx9.h': No such file or directory
  Texture.cpp
D:\My Code\AladdinGenesis\Texture.h(3,9): fatal error C1083: Cannot open include file: 'd3dx9.h': No such file or directory
  Generating Code...
